<?xml version="1.0" encoding="UTF-8"?>
<!-- Generated by org.testng.reporters.JUnitReportReporter -->
<testsuite hostname="PMAM-0209" failures="0" tests="2" name="FSmokeSuit.FSmokeSuit.AutomationDriver" time="1350.261" errors="0" timestamp="10 Apr 2020 09:02:06 GMT" skipped="0">
  <testcase classname="FSmokeSuit.FSmokeSuit.AutomationDriver" name="AutomationDriverExecution" time="934.263"/>
  <testcase classname="FSmokeSuit.FSmokeSuit.AutomationDriver" name="AutomationDriverExecution" time="415.998"/>
</testsuite> <!-- FSmokeSuit.FSmokeSuit.AutomationDriver -->
