<?xml version="1.0" encoding="UTF-8"?>
<!-- Generated by org.testng.reporters.JUnitReportReporter -->
<testsuite hostname="PMAM-0209" failures="0" tests="2" name="FSmokeSuit.FSmokeSuit.AutomationDriver" time="754.252" errors="0" timestamp="05 Mar 2020 15:21:43 GMT" skipped="0">
  <testcase classname="FSmokeSuit.FSmokeSuit.AutomationDriver" name="AutomationDriverExecution" time="131.908"/>
  <testcase classname="FSmokeSuit.FSmokeSuit.AutomationDriver" name="AutomationDriverExecution" time="622.344"/>
</testsuite> <!-- FSmokeSuit.FSmokeSuit.AutomationDriver -->
